<?xml version="1.0" encoding="UTF-8"?>
<!-- Generated by org.testng.reporters.JUnitXMLReporter -->
<testsuite ignored="0" hostname="DESKTOP-T269HJN" failures="1" tests="1" name="CheckBoxesTest" time="45.848" errors="0" timestamp="2021-07-01T21:46:50 MSK">
  <testcase classname="com.herokuapp.theinternet.checkboxespagetests.CheckBoxesTests" name="selectingTwoCheckboxesTest" time="42.232">
    <failure type="java.lang.AssertionError" message="Not all check boxes are checked did not expect to find [true] but found [false]">
      <![CDATA[java.lang.AssertionError: Not all check boxes are checked did not expect to find [true] but found [false]
at com.herokuapp.theinternet.checkboxespagetests.CheckBoxesTests.selectingTwoCheckboxesTest(CheckBoxesTests.java:28)
at java.base/java.util.ArrayList.forEach(ArrayList.java:1541)
... Removed 30 stack frames]]>
    </failure>
  </testcase> <!-- selectingTwoCheckboxesTest -->
</testsuite> <!-- CheckBoxesTest -->
