<?xml version="1.0" encoding="UTF-8"?>
<!-- Generated by org.testng.reporters.JUnitXMLReporter -->
<testsuite ignored="0" hostname="DESKTOP-T269HJN" failures="1" tests="2" name="CheckBoxesTestAreAllSelected" time="61.048" errors="0" timestamp="2021-07-02T17:01:11 MSK">
  <testcase classname="com.herokuapp.theinternet.checkboxespagetests.CheckBoxesTests" name="selectingTwoCheckboxesTest" time="8.352"/>
  <testcase classname="com.herokuapp.theinternet.checkboxespagetests.CheckBoxesTests" name="selectAndDeselectOneCheckBoxTest" time="46.989">
    <failure type="java.lang.AssertionError" message="Some check boxes are still selected did not expect to find [true] but found [false]">
      <![CDATA[java.lang.AssertionError: Some check boxes are still selected did not expect to find [true] but found [false]
at com.herokuapp.theinternet.checkboxespagetests.CheckBoxesTests.selectAndDeselectOneCheckBoxTest(CheckBoxesTests.java:54)
at java.base/java.util.ArrayList.forEach(ArrayList.java:1541)
... Removed 30 stack frames]]>
    </failure>
  </testcase> <!-- selectAndDeselectOneCheckBoxTest -->
</testsuite> <!-- CheckBoxesTestAreAllSelected -->
